Embarcadero Delphi for Win32 compiler version 35.0
Copyright (c) 1983,2022 Embarcadero Technologies, Inc.
Source\Utils\DB_Helper.pas(55) Hint: H2443 Inline function 'TFDParam.SetAsString' has not been expanded because unit 'FireDAC.Stan.Param' is not specified in USES list
Source\Utils\DB_Helper.pas(57) Hint: H2443 Inline function 'TDataSet.IsEmpty' has not been expanded because unit 'Data.DB' is not specified in USES list
Source\Utils\DB_Helper.pas(74) Hint: H2443 Inline function 'TFDParam.SetAsString' has not been expanded because unit 'FireDAC.Stan.Param' is not specified in USES list
Source\Utils\DB_Helper.pas(75) Hint: H2443 Inline function 'TFDParam.SetAsString' has not been expanded because unit 'FireDAC.Stan.Param' is not specified in USES list
Source\Utils\DB_Helper.pas(76) Hint: H2443 Inline function 'TFDParam.SetAsString' has not been expanded because unit 'FireDAC.Stan.Param' is not specified in USES list
Source\Utils\DB_Helper.pas(112) Hint: H2443 Inline function 'TDataSet.IsEmpty' has not been expanded because unit 'Data.DB' is not specified in USES list
Source\Utils\DB_Helper.pas(129) Hint: H2443 Inline function 'TDataSet.IsEmpty' has not been expanded because unit 'Data.DB' is not specified in USES list
Source\Utils\Auth_Manager.pas(118) Hint: H2443 Inline function 'TFDParam.SetAsString' has not been expanded because unit 'FireDAC.Stan.Param' is not specified in USES list
Source\Utils\Auth_Manager.pas(135) Hint: H2443 Inline function 'TFDParam.SetAsString' has not been expanded because unit 'FireDAC.Stan.Param' is not specified in USES list
Source\Utils\Auth_Manager.pas(153) Hint: H2443 Inline function 'TFDParam.SetAsString' has not been expanded because unit 'FireDAC.Stan.Param' is not specified in USES list
Source\Utils\Auth_Manager.pas(182) Hint: H2443 Inline function 'TFDParam.SetAsString' has not been expanded because unit 'FireDAC.Stan.Param' is not specified in USES list
Source\Utils\Auth_Manager.pas(185) Hint: H2443 Inline function 'TDataSet.IsEmpty' has not been expanded because unit 'Data.DB' is not specified in USES list
Source\Utils\Auth_Manager.pas(167) Hint: H2077 Value assigned to 'TAuthManager.Login' never used
Source\Utils\Auth_Manager.pas(253) Hint: H2443 Inline function 'TFDParam.SetAsInteger' has not been expanded because unit 'FireDAC.Stan.Param' is not specified in USES list
Source\Utils\Auth_Manager.pas(256) Hint: H2443 Inline function 'TDataSet.IsEmpty' has not been expanded because unit 'Data.DB' is not specified in USES list
Source\Utils\Auth_Manager.pas(268) Hint: H2443 Inline function 'TFDParam.SetAsString' has not been expanded because unit 'FireDAC.Stan.Param' is not specified in USES list
Source\Utils\Auth_Manager.pas(269) Hint: H2443 Inline function 'TFDParam.SetAsInteger' has not been expanded because unit 'FireDAC.Stan.Param' is not specified in USES list
Source\Utils\Auth_Manager.pas(295) Hint: H2443 Inline function 'TFDParam.SetAsString' has not been expanded because unit 'FireDAC.Stan.Param' is not specified in USES list
Source\Utils\Auth_Manager.pas(296) Hint: H2443 Inline function 'TFDParam.SetAsString' has not been expanded because unit 'FireDAC.Stan.Param' is not specified in USES list
Source\Utils\Auth_Manager.pas(38) Hint: H2219 Private symbol 'ResetLoginAttempts' declared but never used
Error: E2161 Error: RLINK32: Error opening file "C:\Users\Yassi\Documents\Embarcadero\Studio\Projects\hsms\Source\Forms\FrmSalaryCalc.fmx"
