Embarcadero Delphi for Win32 compiler version 35.0
Copyright (c) 1983,2022 Embarcadero Technologies, Inc.
Source\Utils\DB_Helper.pas(55) Hint: H2443 Inline function 'TFDParam.SetAsString' has not been expanded because unit 'FireDAC.Stan.Param' is not specified in USES list
Source\Utils\DB_Helper.pas(57) Hint: H2443 Inline function 'TDataSet.IsEmpty' has not been expanded because unit 'Data.DB' is not specified in USES list
Source\Utils\DB_Helper.pas(74) Hint: H2443 Inline function 'TFDParam.SetAsString' has not been expanded because unit 'FireDAC.Stan.Param' is not specified in USES list
Source\Utils\DB_Helper.pas(75) Hint: H2443 Inline function 'TFDParam.SetAsString' has not been expanded because unit 'FireDAC.Stan.Param' is not specified in USES list
Source\Utils\DB_Helper.pas(76) Hint: H2443 Inline function 'TFDParam.SetAsString' has not been expanded because unit 'FireDAC.Stan.Param' is not specified in USES list
Source\Utils\DB_Helper.pas(112) Hint: H2443 Inline function 'TDataSet.IsEmpty' has not been expanded because unit 'Data.DB' is not specified in USES list
Source\Utils\DB_Helper.pas(129) Hint: H2443 Inline function 'TDataSet.IsEmpty' has not been expanded because unit 'Data.DB' is not specified in USES list
Source\Models\Model_Employee.pas(111) Hint: H2443 Inline function 'TFDParam.SetAsInteger' has not been expanded because unit 'FireDAC.Stan.Param' is not specified in USES list
Source\Models\Model_Employee.pas(147) Hint: H2443 Inline function 'TFDParam.SetAsString' has not been expanded because unit 'FireDAC.Stan.Param' is not specified in USES list
Source\Models\Model_Employee.pas(218) Hint: H2443 Inline function 'TFDParam.SetAsInteger' has not been expanded because unit 'FireDAC.Stan.Param' is not specified in USES list
Source\Models\Model_Employee.pas(222) Hint: H2443 Inline function 'TFDParam.SetAsString' has not been expanded because unit 'FireDAC.Stan.Param' is not specified in USES list
Source\Models\Model_Employee.pas(223) Hint: H2443 Inline function 'TFDParam.SetAsString' has not been expanded because unit 'FireDAC.Stan.Param' is not specified in USES list
Source\Models\Model_Employee.pas(224) Hint: H2443 Inline function 'TFDParam.SetAsString' has not been expanded because unit 'FireDAC.Stan.Param' is not specified in USES list
Source\Models\Model_Employee.pas(225) Hint: H2443 Inline function 'TFDParam.SetAsString' has not been expanded because unit 'FireDAC.Stan.Param' is not specified in USES list
Source\Models\Model_Employee.pas(226) Hint: H2443 Inline function 'TFDParam.SetAsString' has not been expanded because unit 'FireDAC.Stan.Param' is not specified in USES list
Source\Models\Model_Employee.pas(227) Hint: H2443 Inline function 'TFDParam.SetAsString' has not been expanded because unit 'FireDAC.Stan.Param' is not specified in USES list
Source\Models\Model_Employee.pas(228) Hint: H2443 Inline function 'TFDParam.SetAsString' has not been expanded because unit 'FireDAC.Stan.Param' is not specified in USES list
Source\Models\Model_Employee.pas(229) Hint: H2443 Inline function 'TFDParam.SetAsInteger' has not been expanded because unit 'FireDAC.Stan.Param' is not specified in USES list
Source\Models\Model_Employee.pas(230) Hint: H2443 Inline function 'TFDParam.SetAsInteger' has not been expanded because unit 'FireDAC.Stan.Param' is not specified in USES list
Source\Models\Model_Employee.pas(231) Hint: H2443 Inline function 'TFDParam.SetAsInteger' has not been expanded because unit 'FireDAC.Stan.Param' is not specified in USES list
Source\Models\Model_Employee.pas(232) Hint: H2443 Inline function 'TFDParam.SetAsInteger' has not been expanded because unit 'FireDAC.Stan.Param' is not specified in USES list
Source\Models\Model_Employee.pas(233) Hint: H2443 Inline function 'TFDParam.SetAsString' has not been expanded because unit 'FireDAC.Stan.Param' is not specified in USES list
Source\Models\Model_Employee.pas(236) Hint: H2443 Inline function 'TFDParam.SetAsInteger' has not been expanded because unit 'FireDAC.Stan.Param' is not specified in USES list
Source\Models\Model_Employee.pas(238) Hint: H2443 Inline function 'TFDParam.SetAsInteger' has not been expanded because unit 'FireDAC.Stan.Param' is not specified in USES list
Source\Models\Model_Employee.pas(189) Hint: H2077 Value assigned to 'TEmployee.Save' never used
Source\Models\Model_Employee.pas(268) Hint: H2443 Inline function 'TFDParam.SetAsInteger' has not been expanded because unit 'FireDAC.Stan.Param' is not specified in USES list
Source\Models\Model_SalaryRecord.pas(172) Hint: H2443 Inline function 'TFDParam.SetAsInteger' has not been expanded because unit 'FireDAC.Stan.Param' is not specified in USES list
Source\Models\Model_SalaryRecord.pas(173) Hint: H2443 Inline function 'TFDParam.SetAsInteger' has not been expanded because unit 'FireDAC.Stan.Param' is not specified in USES list
Source\Models\Model_SalaryRecord.pas(174) Hint: H2443 Inline function 'TFDParam.SetAsInteger' has not been expanded because unit 'FireDAC.Stan.Param' is not specified in USES list
Source\Models\Model_SalaryRecord.pas(175) Hint: H2443 Inline function 'TFDParam.SetAsInteger' has not been expanded because unit 'FireDAC.Stan.Param' is not specified in USES list
Source\Models\Model_SalaryRecord.pas(176) Hint: H2443 Inline function 'TFDParam.SetAsInteger' has not been expanded because unit 'FireDAC.Stan.Param' is not specified in USES list
Source\Models\Model_SalaryRecord.pas(178) Hint: H2443 Inline function 'TFDParam.SetAsFloat' has not been expanded because unit 'FireDAC.Stan.Param' is not specified in USES list
Source\Models\Model_SalaryRecord.pas(179) Hint: H2443 Inline function 'TFDParam.SetAsFloat' has not been expanded because unit 'FireDAC.Stan.Param' is not specified in USES list
Source\Models\Model_SalaryRecord.pas(180) Hint: H2443 Inline function 'TFDParam.SetAsFloat' has not been expanded because unit 'FireDAC.Stan.Param' is not specified in USES list
Source\Models\Model_SalaryRecord.pas(181) Hint: H2443 Inline function 'TFDParam.SetAsFloat' has not been expanded because unit 'FireDAC.Stan.Param' is not specified in USES list
Source\Models\Model_SalaryRecord.pas(182) Hint: H2443 Inline function 'TFDParam.SetAsFloat' has not been expanded because unit 'FireDAC.Stan.Param' is not specified in USES list
Source\Models\Model_SalaryRecord.pas(183) Hint: H2443 Inline function 'TFDParam.SetAsFloat' has not been expanded because unit 'FireDAC.Stan.Param' is not specified in USES list
Source\Models\Model_SalaryRecord.pas(184) Hint: H2443 Inline function 'TFDParam.SetAsFloat' has not been expanded because unit 'FireDAC.Stan.Param' is not specified in USES list
Source\Models\Model_SalaryRecord.pas(185) Hint: H2443 Inline function 'TFDParam.SetAsFloat' has not been expanded because unit 'FireDAC.Stan.Param' is not specified in USES list
Source\Models\Model_SalaryRecord.pas(186) Hint: H2443 Inline function 'TFDParam.SetAsFloat' has not been expanded because unit 'FireDAC.Stan.Param' is not specified in USES list
Source\Models\Model_SalaryRecord.pas(188) Hint: H2443 Inline function 'TFDParam.SetAsFloat' has not been expanded because unit 'FireDAC.Stan.Param' is not specified in USES list
Source\Models\Model_SalaryRecord.pas(189) Hint: H2443 Inline function 'TFDParam.SetAsFloat' has not been expanded because unit 'FireDAC.Stan.Param' is not specified in USES list
Source\Models\Model_SalaryRecord.pas(190) Hint: H2443 Inline function 'TFDParam.SetAsFloat' has not been expanded because unit 'FireDAC.Stan.Param' is not specified in USES list
Source\Models\Model_SalaryRecord.pas(191) Hint: H2443 Inline function 'TFDParam.SetAsFloat' has not been expanded because unit 'FireDAC.Stan.Param' is not specified in USES list
Source\Models\Model_SalaryRecord.pas(192) Hint: H2443 Inline function 'TFDParam.SetAsFloat' has not been expanded because unit 'FireDAC.Stan.Param' is not specified in USES list
Source\Models\Model_SalaryRecord.pas(193) Hint: H2443 Inline function 'TFDParam.SetAsFloat' has not been expanded because unit 'FireDAC.Stan.Param' is not specified in USES list
Source\Models\Model_SalaryRecord.pas(196) Hint: H2443 Inline function 'TFDParam.SetAsInteger' has not been expanded because unit 'FireDAC.Stan.Param' is not specified in USES list
Source\Models\Model_SalaryRecord.pas(198) Hint: H2443 Inline function 'TFDParam.SetAsInteger' has not been expanded because unit 'FireDAC.Stan.Param' is not specified in USES list
Source\Models\Model_SalaryRecord.pas(220) Hint: H2443 Inline function 'TFDParam.SetAsInteger' has not been expanded because unit 'FireDAC.Stan.Param' is not specified in USES list
Source\Models\Model_SalaryRecord.pas(221) Hint: H2443 Inline function 'TFDParam.SetAsInteger' has not been expanded because unit 'FireDAC.Stan.Param' is not specified in USES list
Source\Models\Model_SalaryRecord.pas(222) Hint: H2443 Inline function 'TFDParam.SetAsInteger' has not been expanded because unit 'FireDAC.Stan.Param' is not specified in USES list
Source\Models\Model_SalaryRecord.pas(246) Hint: H2443 Inline function 'TFDParam.SetAsInteger' has not been expanded because unit 'FireDAC.Stan.Param' is not specified in USES list
Source\Models\Model_SalaryRecord.pas(247) Hint: H2443 Inline function 'TFDParam.SetAsInteger' has not been expanded because unit 'FireDAC.Stan.Param' is not specified in USES list
Source\Models\Model_Allowance.pas(106) Hint: H2443 Inline function 'TFDParam.SetAsString' has not been expanded because unit 'FireDAC.Stan.Param' is not specified in USES list
Source\Models\Model_Allowance.pas(140) Hint: H2443 Inline function 'TFDParam.SetAsInteger' has not been expanded because unit 'FireDAC.Stan.Param' is not specified in USES list
Source\Models\Model_Allowance.pas(141) Hint: H2443 Inline function 'TFDParam.SetAsString' has not been expanded because unit 'FireDAC.Stan.Param' is not specified in USES list
Source\Models\Model_Allowance.pas(142) Hint: H2443 Inline function 'TFDParam.SetAsFloat' has not been expanded because unit 'FireDAC.Stan.Param' is not specified in USES list
Source\Models\Model_Allowance.pas(160) Hint: H2443 Inline function 'TFDParam.SetAsInteger' has not been expanded because unit 'FireDAC.Stan.Param' is not specified in USES list
Source\Engine\Engine_Bareme.pas(42) Hint: H2443 Inline function 'TFDParam.SetAsInteger' has not been expanded because unit 'FireDAC.Stan.Param' is not specified in USES list
Source\Engine\Engine_Bareme.pas(43) Hint: H2443 Inline function 'TFDParam.SetAsInteger' has not been expanded because unit 'FireDAC.Stan.Param' is not specified in USES list
Source\Engine\Engine_Bareme.pas(44) Hint: H2443 Inline function 'TFDParam.SetAsInteger' has not been expanded because unit 'FireDAC.Stan.Param' is not specified in USES list
Source\Engine\Engine_IRG.pas(34) Hint: H2443 Inline function 'TFDParam.SetAsFloat' has not been expanded because unit 'FireDAC.Stan.Param' is not specified in USES list
Source\Forms\FrmPaySlip.pas(169) Error: E2070 Unknown directive: 'AddRow'
Source\Forms\FrmPaySlip.pas(169) Error: E2029 '=' expected but ',' found
Source\Forms\FrmPaySlip.pas(169) Error: E2029 '=' expected but ',' found
Source\Forms\FrmPaySlip.pas(169) Error: E2029 '=' expected but ',' found
Source\Forms\FrmPaySlip.pas(182) Error: E2003 Undeclared identifier: 'AddRow'
Source\Forms\FrmSalaryCalc.pas(83) Fatal: F2063 Could not compile used unit 'FrmPaySlip.pas'
